<?xml version="1.0" encoding="UTF-8"?>
<!-- Generated by org.testng.reporters.JUnitReportReporter -->
<testsuite hostname="EMACMINI-24.local" name="com.appium.model.EndExecution" tests="1" failures="0" timestamp="15 Dec 2017 09:55:51 GMT" time="0.045" errors="0">
  <testcase name="endTime" time="0.045" classname="com.appium.model.EndExecution"/>
</testsuite> <!-- com.appium.model.EndExecution -->
