<?xml version="1.0" encoding="UTF-8"?>
<!-- Generated by org.testng.reporters.JUnitReportReporter -->
<testsuite hostname="EMACMINI-24.local" name="com.appium.model.StartExecution" tests="1" failures="0" timestamp="15 Dec 2017 09:55:51 GMT" time="0.055" errors="0">
  <testcase name="startTime" time="0.055" classname="com.appium.model.StartExecution"/>
</testsuite> <!-- com.appium.model.StartExecution -->
